Mongoose connection is ready
Mongoose connection is ready
Mongoose connection is ready
Mongoose connection is ready
Mongoose connection is ready
Mongoose connection is ready
Mongoose connection is ready
Mongoose connection is ready
Mongoose connection is ready
Mongoose connection is ready
Mongoose connection is ready
Mongoose connection is ready
 8 habitable planets found!
Downloading...
Launch Data Already Loaded from SpaceX API 
Moving Ahead...
 8 habitable planets found!
 8 habitable planets found!
Listening on port 8000...
Downloading...
Downloading...
Launch Data Already Loaded from SpaceX API 
Moving Ahead...
Launch Data Already Loaded from SpaceX API 
Moving Ahead...
Listening on port 8000...
Listening on port 8000...
 8 habitable planets found!
 8 habitable planets found!
 8 habitable planets found!
 8 habitable planets found!
 8 habitable planets found!
 8 habitable planets found!
 8 habitable planets found!
 8 habitable planets found!
 8 habitable planets found!
Downloading...
Downloading...
Downloading...
Launch Data Already Loaded from SpaceX API 
Moving Ahead...
Launch Data Already Loaded from SpaceX API 
Moving Ahead...
Launch Data Already Loaded from SpaceX API 
Moving Ahead...
Listening on port 8000...
Listening on port 8000...
Listening on port 8000...
Downloading...
Launch Data Already Loaded from SpaceX API 
Moving Ahead...
Listening on port 8000...
Downloading...
Launch Data Already Loaded from SpaceX API 
Moving Ahead...
Listening on port 8000...
Downloading...
Launch Data Already Loaded from SpaceX API 
Moving Ahead...
Listening on port 8000...
Downloading...
Launch Data Already Loaded from SpaceX API 
Moving Ahead...
Listening on port 8000...
Downloading...
Launch Data Already Loaded from SpaceX API 
Moving Ahead...
Listening on port 8000...
Downloading...
Launch Data Already Loaded from SpaceX API 
Moving Ahead...
Listening on port 8000...
Mongoose connection is ready
Mongoose connection is ready
Mongoose connection is ready
Mongoose connection is ready
Mongoose connection is ready
Mongoose connection is ready
 8 habitable planets found!
Downloading...
Launch Data Already Loaded from SpaceX API 
Moving Ahead...
Listening on port 8000...
 8 habitable planets found!
Mongoose connection is ready
Downloading...
Launch Data Already Loaded from SpaceX API 
Moving Ahead...
Listening on port 8000...
Mongoose connection is ready
 8 habitable planets found!
Downloading...
 8 habitable planets found!
Downloading...
Launch Data Already Loaded from SpaceX API 
Moving Ahead...
Listening on port 8000...
Launch Data Already Loaded from SpaceX API 
Moving Ahead...
Listening on port 8000...
Mongoose connection is ready
 8 habitable planets found!
Downloading...
Launch Data Already Loaded from SpaceX API 
Moving Ahead...
Listening on port 8000...
Mongoose connection is ready
Mongoose connection is ready
Mongoose connection is ready
 8 habitable planets found!
Downloading...
Launch Data Already Loaded from SpaceX API 
Moving Ahead...
Listening on port 8000...
 8 habitable planets found!
Downloading...
 8 habitable planets found!
Downloading...
Launch Data Already Loaded from SpaceX API 
Moving Ahead...
Listening on port 8000...
Launch Data Already Loaded from SpaceX API 
Moving Ahead...
Listening on port 8000...
 8 habitable planets found!
Downloading...
Launch Data Already Loaded from SpaceX API 
Moving Ahead...
Listening on port 8000...
 8 habitable planets found!
Downloading...
 8 habitable planets found!
Downloading...
Launch Data Already Loaded from SpaceX API 
Moving Ahead...
Listening on port 8000...
Launch Data Already Loaded from SpaceX API 
Moving Ahead...
Listening on port 8000...
 8 habitable planets found!
Downloading...
Launch Data Already Loaded from SpaceX API 
Moving Ahead...
Listening on port 8000...
Mongoose connection is ready
Mongoose connection is ready
Mongoose connection is ready
Mongoose connection is ready
Mongoose connection is ready
Mongoose connection is ready
Mongoose connection is ready
 8 habitable planets found!
Downloading...
 8 habitable planets found!
Downloading...
Launch Data Already Loaded from SpaceX API 
Moving Ahead...
Listening on port 8000...
Launch Data Already Loaded from SpaceX API 
Moving Ahead...
Listening on port 8000...
 8 habitable planets found!
Downloading...
Launch Data Already Loaded from SpaceX API 
Moving Ahead...
Listening on port 8000...
Mongoose connection is ready
 8 habitable planets found!
Downloading...
Launch Data Already Loaded from SpaceX API 
Moving Ahead...
Mongoose connection is ready
Listening on port 8000...
Mongoose connection is ready
 8 habitable planets found!
Downloading...
Launch Data Already Loaded from SpaceX API 
Moving Ahead...
Listening on port 8000...
Mongoose connection is ready
Mongoose connection is ready
 8 habitable planets found!
Downloading...
Launch Data Already Loaded from SpaceX API 
Moving Ahead...
Listening on port 8000...
 8 habitable planets found!
Downloading...
Launch Data Already Loaded from SpaceX API 
Moving Ahead...
Listening on port 8000...
 8 habitable planets found!
Downloading...
Launch Data Already Loaded from SpaceX API 
Moving Ahead...
Listening on port 8000...
 8 habitable planets found!
Downloading...
Launch Data Already Loaded from SpaceX API 
Moving Ahead...
Listening on port 8000...
 8 habitable planets found!
Downloading...
 8 habitable planets found!
Downloading...
Launch Data Already Loaded from SpaceX API 
Moving Ahead...
Listening on port 8000...
Launch Data Already Loaded from SpaceX API 
Moving Ahead...
Listening on port 8000...
 8 habitable planets found!
Downloading...
Launch Data Already Loaded from SpaceX API 
Moving Ahead...
Listening on port 8000...
Mongoose connection is ready
Mongoose connection is ready
Mongoose connection is ready
Mongoose connection is ready
Mongoose connection is ready
Mongoose connection is ready
Mongoose connection is ready
 8 habitable planets found!
Downloading...
Launch Data Already Loaded from SpaceX API 
Moving Ahead...
Listening on port 8000...
 8 habitable planets found!
Downloading...
Launch Data Already Loaded from SpaceX API 
Moving Ahead...
Listening on port 8000...
 8 habitable planets found!
Downloading...
Launch Data Already Loaded from SpaceX API 
Moving Ahead...
Listening on port 8000...
Mongoose connection is ready
 8 habitable planets found!
Downloading...
 8 habitable planets found!
Downloading...
Launch Data Already Loaded from SpaceX API 
Moving Ahead...
Mongoose connection is ready
Listening on port 8000...
Launch Data Already Loaded from SpaceX API 
Moving Ahead...
Listening on port 8000...
Mongoose connection is ready
Mongoose connection is ready
 8 habitable planets found!
 8 habitable planets found!
Downloading...
Downloading...
Mongoose connection is ready
Launch Data Already Loaded from SpaceX API 
Moving Ahead...
Launch Data Already Loaded from SpaceX API 
Moving Ahead...
Listening on port 8000...
Listening on port 8000...
 8 habitable planets found!
Downloading...
Launch Data Already Loaded from SpaceX API 
Moving Ahead...
Listening on port 8000...
 8 habitable planets found!
Downloading...
Launch Data Already Loaded from SpaceX API 
Moving Ahead...
Listening on port 8000...
 8 habitable planets found!
Downloading...
 8 habitable planets found!
Downloading...
Launch Data Already Loaded from SpaceX API 
Moving Ahead...
Listening on port 8000...
Launch Data Already Loaded from SpaceX API 
Moving Ahead...
Listening on port 8000...
 8 habitable planets found!
Downloading...
Launch Data Already Loaded from SpaceX API 
Moving Ahead...
Listening on port 8000...
